[2024-05-01T17:56:31.460+0000] {manager.py:469} INFO - Processing files using up to 1 processes at a time 
[2024-05-01T17:56:31.462+0000] {manager.py:470} INFO - Process each file at most once every 30 seconds
[2024-05-01T17:56:31.465+0000] {manager.py:471} INFO - Checking for new files in /opt/airflow/dags every 300 seconds
[2024-05-01T17:56:31.469+0000] {manager.py:738} INFO - Searching for files in /opt/airflow/dags
[2024-05-01T17:56:31.506+0000] {manager.py:741} INFO - There are 1 files in /opt/airflow/dags
[2024-05-01T17:56:33.669+0000] {manager.py:879} INFO - 
================================================================================
DAG File Processing Stats

File Path                  PID    Runtime      # DAGs    # Errors  Last Runtime    Last Run
-------------------------  -----  ---------  --------  ----------  --------------  -------------------
/opt/airflow/dags/main.py                           1           0  2.01s           2024-05-01T17:56:33
================================================================================
[2024-05-01T17:57:07.164+0000] {manager.py:879} INFO - 
================================================================================
DAG File Processing Stats

File Path                  PID    Runtime      # DAGs    # Errors  Last Runtime    Last Run
-------------------------  -----  ---------  --------  ----------  --------------  -------------------
/opt/airflow/dags/main.py                           1           0  2.47s           2024-05-01T17:57:07
================================================================================
[2024-05-01T17:57:39.031+0000] {manager.py:879} INFO - 
================================================================================
DAG File Processing Stats

File Path                  PID    Runtime      # DAGs    # Errors  Last Runtime    Last Run
-------------------------  -----  ---------  --------  ----------  --------------  -------------------
/opt/airflow/dags/main.py                           1           0  0.99s           2024-05-01T17:57:39
================================================================================
[2024-05-01T17:58:09.994+0000] {manager.py:879} INFO - 
================================================================================
DAG File Processing Stats

File Path                  PID    Runtime      # DAGs    # Errors  Last Runtime    Last Run
-------------------------  -----  ---------  --------  ----------  --------------  -------------------
/opt/airflow/dags/main.py                           1           0  0.93s           2024-05-01T17:58:09
================================================================================
[2024-05-01T17:58:40.988+0000] {manager.py:879} INFO - 
================================================================================
DAG File Processing Stats

File Path                  PID    Runtime      # DAGs    # Errors  Last Runtime    Last Run
-------------------------  -----  ---------  --------  ----------  --------------  -------------------
/opt/airflow/dags/main.py                           1           0  0.91s           2024-05-01T17:58:40
================================================================================
[2024-05-01T17:59:13.914+0000] {manager.py:879} INFO - 
================================================================================
DAG File Processing Stats

File Path                  PID    Runtime      # DAGs    # Errors  Last Runtime    Last Run
-------------------------  -----  ---------  --------  ----------  --------------  -------------------
/opt/airflow/dags/main.py                           1           0  2.62s           2024-05-01T17:59:13
================================================================================
[2024-05-01T17:59:49.773+0000] {manager.py:879} INFO - 
================================================================================
DAG File Processing Stats

File Path                  PID    Runtime      # DAGs    # Errors  Last Runtime    Last Run
-------------------------  -----  ---------  --------  ----------  --------------  -------------------
/opt/airflow/dags/main.py                           1           0  0.91s           2024-05-01T17:59:49
================================================================================
[2024-05-01T18:00:21.754+0000] {manager.py:879} INFO - 
================================================================================
DAG File Processing Stats

File Path                  PID    Runtime      # DAGs    # Errors  Last Runtime    Last Run
-------------------------  -----  ---------  --------  ----------  --------------  -------------------
/opt/airflow/dags/main.py                           1           0  1.01s           2024-05-01T18:00:21
================================================================================
[2024-05-01T18:00:52.925+0000] {manager.py:879} INFO - 
================================================================================
DAG File Processing Stats

File Path                  PID    Runtime      # DAGs    # Errors  Last Runtime    Last Run
-------------------------  -----  ---------  --------  ----------  --------------  -------------------
/opt/airflow/dags/main.py                           1           0  0.92s           2024-05-01T18:00:52
================================================================================
[2024-05-01T18:01:23.844+0000] {manager.py:879} INFO - 
================================================================================
DAG File Processing Stats

File Path                  PID    Runtime      # DAGs    # Errors  Last Runtime    Last Run
-------------------------  -----  ---------  --------  ----------  --------------  -------------------
/opt/airflow/dags/main.py                           1           0  0.91s           2024-05-01T18:01:23
================================================================================
[2024-05-01T18:01:32.031+0000] {manager.py:738} INFO - Searching for files in /opt/airflow/dags
[2024-05-01T18:01:32.041+0000] {manager.py:741} INFO - There are 1 files in /opt/airflow/dags
[2024-05-01T18:01:54.956+0000] {manager.py:879} INFO - 
================================================================================
DAG File Processing Stats

File Path                  PID    Runtime      # DAGs    # Errors  Last Runtime    Last Run
-------------------------  -----  ---------  --------  ----------  --------------  -------------------
/opt/airflow/dags/main.py                           1           0  0.93s           2024-05-01T18:01:54
================================================================================
[2024-05-01T18:02:26.160+0000] {manager.py:879} INFO - 
================================================================================
DAG File Processing Stats

File Path                  PID    Runtime      # DAGs    # Errors  Last Runtime    Last Run
-------------------------  -----  ---------  --------  ----------  --------------  -------------------
/opt/airflow/dags/main.py                           1           0  1.02s           2024-05-01T18:02:26
================================================================================
[2024-05-01T18:02:57.977+0000] {manager.py:879} INFO - 
================================================================================
DAG File Processing Stats

File Path                  PID    Runtime      # DAGs    # Errors  Last Runtime    Last Run
-------------------------  -----  ---------  --------  ----------  --------------  -------------------
/opt/airflow/dags/main.py                           1           0  1.62s           2024-05-01T18:02:57
================================================================================
[2024-05-01T18:03:29.282+0000] {manager.py:879} INFO - 
================================================================================
DAG File Processing Stats

File Path                  PID    Runtime      # DAGs    # Errors  Last Runtime    Last Run
-------------------------  -----  ---------  --------  ----------  --------------  -------------------
/opt/airflow/dags/main.py                           1           0  1.02s           2024-05-01T18:03:29
================================================================================
[2024-05-01T18:04:00.467+0000] {manager.py:879} INFO - 
================================================================================
DAG File Processing Stats

File Path                  PID    Runtime      # DAGs    # Errors  Last Runtime    Last Run
-------------------------  -----  ---------  --------  ----------  --------------  -------------------
/opt/airflow/dags/main.py                           1           0  1.01s           2024-05-01T18:04:00
================================================================================
[2024-05-01T18:04:31.850+0000] {manager.py:879} INFO - 
================================================================================
DAG File Processing Stats

File Path                  PID    Runtime      # DAGs    # Errors  Last Runtime    Last Run
-------------------------  -----  ---------  --------  ----------  --------------  -------------------
/opt/airflow/dags/main.py                           1           0  1.22s           2024-05-01T18:04:31
================================================================================
[2024-05-01T18:05:03.075+0000] {manager.py:879} INFO - 
================================================================================
DAG File Processing Stats

File Path                  PID    Runtime      # DAGs    # Errors  Last Runtime    Last Run
-------------------------  -----  ---------  --------  ----------  --------------  -------------------
/opt/airflow/dags/main.py                           1           0  1.04s           2024-05-01T18:05:03
================================================================================
